The system is: Linux - 4.15.13-1-MANJARO - x86_64
Compiling the C compiler identification source file "CMakeCCompilerId.c" succeeded.
Compiler: /usr/bin/cc 
Build flags: 
Id flags:  

The output was:
0


Compilation of the C compiler identification source "CMakeCCompilerId.c" produced "a.out"

The C compiler identification is GNU, found in "/home/ragebone/Documents/VCS/colorchord/cmake-build-debug/CMakeFiles/3.10.3/CompilerIdC/a.out"

Determining if the C compiler works passed with the following output:
Change Dir: /home/ragebone/Documents/VCS/colorchord/cmake-build-debug/CMakeFiles/CMakeTmp

Run Build Command:"/usr/bin/make" "cmTC_1a168/fast"
/usr/bin/make -f CMakeFiles/cmTC_1a168.dir/build.make CMakeFiles/cmTC_1a168.dir/build
make[1]: Entering directory '/home/ragebone/Documents/VCS/colorchord/cmake-build-debug/CMakeFiles/CMakeTmp'
Building C object CMakeFiles/cmTC_1a168.dir/testCCompiler.c.o
/usr/bin/cc    -o CMakeFiles/cmTC_1a168.dir/testCCompiler.c.o   -c /home/ragebone/Documents/VCS/colorchord/cmake-build-debug/CMakeFiles/CMakeTmp/testCCompiler.c
Linking C executable cmTC_1a168
/home/ragebone/.local/share/JetBrains/Toolbox/apps/CLion/ch-1/181.4668.70/bin/cmake/bin/cmake -E cmake_link_script CMakeFiles/cmTC_1a168.dir/link.txt --verbose=1
/usr/bin/cc      CMakeFiles/cmTC_1a168.dir/testCCompiler.c.o  -o cmTC_1a168 
make[1]: Leaving directory '/home/ragebone/Documents/VCS/colorchord/cmake-build-debug/CMakeFiles/CMakeTmp'


Detecting C compiler ABI info compiled with the following output:
Change Dir: /home/ragebone/Documents/VCS/colorchord/cmake-build-debug/CMakeFiles/CMakeTmp

Run Build Command:"/usr/bin/make" "cmTC_8c15a/fast"
/usr/bin/make -f CMakeFiles/cmTC_8c15a.dir/build.make CMakeFiles/cmTC_8c15a.dir/build
make[1]: Entering directory '/home/ragebone/Documents/VCS/colorchord/cmake-build-debug/CMakeFiles/CMakeTmp'
Building C object CMakeFiles/cmTC_8c15a.dir/CMakeCCompilerABI.c.o
/usr/bin/cc    -o CMakeFiles/cmTC_8c15a.dir/CMakeCCompilerABI.c.o   -c /home/ragebone/.local/share/JetBrains/Toolbox/apps/CLion/ch-1/181.4668.70/bin/cmake/share/cmake-3.10/Modules/CMakeCCompilerABI.c
Linking C executable cmTC_8c15a
/home/ragebone/.local/share/JetBrains/Toolbox/apps/CLion/ch-1/181.4668.70/bin/cmake/bin/cmake -E cmake_link_script CMakeFiles/cmTC_8c15a.dir/link.txt --verbose=1
/usr/bin/cc     -v CMakeFiles/cmTC_8c15a.dir/CMakeCCompilerABI.c.o  -o cmTC_8c15a 
Using built-in specs.
COLLECT_GCC=/usr/bin/cc
COLLECT_LTO_WRAPPER=/usr/lib/gcc/x86_64-pc-linux-gnu/7.3.1/lto-wrapper
Target: x86_64-pc-linux-gnu
Configured with: /build/gcc/src/gcc/configure --prefix=/usr --libdir=/usr/lib --libexecdir=/usr/lib --mandir=/usr/share/man --infodir=/usr/share/info --with-bugurl=https://bugs.archlinux.org/ --enable-languages=c,c++,ada,fortran,go,lto,objc,obj-c++ --enable-shared --enable-threads=posix --enable-libmpx --with-system-zlib --with-isl --enable-__cxa_atexit --disable-libunwind-exceptions --enable-clocale=gnu --disable-libstdcxx-pch --disable-libssp --enable-gnu-unique-object --enable-linker-build-id --enable-lto --enable-plugin --enable-install-libiberty --with-linker-hash-style=gnu --enable-gnu-indirect-function --enable-multilib --disable-werror --enable-checking=release --enable-default-pie --enable-default-ssp
Thread model: posix
gcc version 7.3.1 20180312 (GCC) 
COMPILER_PATH=/usr/lib/gcc/x86_64-pc-linux-gnu/7.3.1/:/usr/lib/gcc/x86_64-pc-linux-gnu/7.3.1/:/usr/lib/gcc/x86_64-pc-linux-gnu/:/usr/lib/gcc/x86_64-pc-linux-gnu/7.3.1/:/usr/lib/gcc/x86_64-pc-linux-gnu/
LIBRARY_PATH=/usr/lib/gcc/x86_64-pc-linux-gnu/7.3.1/:/usr/lib/gcc/x86_64-pc-linux-gnu/7.3.1/../../../../lib/:/lib/../lib/:/usr/lib/../lib/:/usr/lib/gcc/x86_64-pc-linux-gnu/7.3.1/../../../:/lib/:/usr/lib/
COLLECT_GCC_OPTIONS='-v' '-o' 'cmTC_8c15a' '-mtune=generic' '-march=x86-64'
 /usr/lib/gcc/x86_64-pc-linux-gnu/7.3.1/collect2 -plugin /usr/lib/gcc/x86_64-pc-linux-gnu/7.3.1/liblto_plugin.so -plugin-opt=/usr/lib/gcc/x86_64-pc-linux-gnu/7.3.1/lto-wrapper -plugin-opt=-fresolution=/tmp/cc5yA5Ac.res -plugin-opt=-pass-through=-lgcc -plugin-opt=-pass-through=-lgcc_s -plugin-opt=-pass-through=-lc -plugin-opt=-pass-through=-lgcc -plugin-opt=-pass-through=-lgcc_s --build-id --eh-frame-hdr --hash-style=gnu -m elf_x86_64 -dynamic-linker /lib64/ld-linux-x86-64.so.2 -pie -o cmTC_8c15a /usr/lib/gcc/x86_64-pc-linux-gnu/7.3.1/../../../../lib/Scrt1.o /usr/lib/gcc/x86_64-pc-linux-gnu/7.3.1/../../../../lib/crti.o /usr/lib/gcc/x86_64-pc-linux-gnu/7.3.1/crtbeginS.o -L/usr/lib/gcc/x86_64-pc-linux-gnu/7.3.1 -L/usr/lib/gcc/x86_64-pc-linux-gnu/7.3.1/../../../../lib -L/lib/../lib -L/usr/lib/../lib -L/usr/lib/gcc/x86_64-pc-linux-gnu/7.3.1/../../.. CMakeFiles/cmTC_8c15a.dir/CMakeCCompilerABI.c.o -lgcc --as-needed -lgcc_s --no-as-needed -lc -lgcc --as-needed -lgcc_s --no-as-needed /usr/lib/gcc/x86_64-pc-linux-gnu/7.3.1/crtendS.o /usr/lib/gcc/x86_64-pc-linux-gnu/7.3.1/../../../../lib/crtn.o
COLLECT_GCC_OPTIONS='-v' '-o' 'cmTC_8c15a' '-mtune=generic' '-march=x86-64'
make[1]: Leaving directory '/home/ragebone/Documents/VCS/colorchord/cmake-build-debug/CMakeFiles/CMakeTmp'


Parsed C implicit link information from above output:
  link line regex: [^( *|.*[/\])(ld|CMAKE_LINK_STARTFILE-NOTFOUND|([^/\]+-)?ld|collect2)[^/\]*( |$)]
  ignore line: [Change Dir: /home/ragebone/Documents/VCS/colorchord/cmake-build-debug/CMakeFiles/CMakeTmp]
  ignore line: []
  ignore line: [Run Build Command:"/usr/bin/make" "cmTC_8c15a/fast"]
  ignore line: [/usr/bin/make -f CMakeFiles/cmTC_8c15a.dir/build.make CMakeFiles/cmTC_8c15a.dir/build]
  ignore line: [make[1]: Entering directory '/home/ragebone/Documents/VCS/colorchord/cmake-build-debug/CMakeFiles/CMakeTmp']
  ignore line: [Building C object CMakeFiles/cmTC_8c15a.dir/CMakeCCompilerABI.c.o]
  ignore line: [/usr/bin/cc    -o CMakeFiles/cmTC_8c15a.dir/CMakeCCompilerABI.c.o   -c /home/ragebone/.local/share/JetBrains/Toolbox/apps/CLion/ch-1/181.4668.70/bin/cmake/share/cmake-3.10/Modules/CMakeCCompilerABI.c]
  ignore line: [Linking C executable cmTC_8c15a]
  ignore line: [/home/ragebone/.local/share/JetBrains/Toolbox/apps/CLion/ch-1/181.4668.70/bin/cmake/bin/cmake -E cmake_link_script CMakeFiles/cmTC_8c15a.dir/link.txt --verbose=1]
  ignore line: [/usr/bin/cc     -v CMakeFiles/cmTC_8c15a.dir/CMakeCCompilerABI.c.o  -o cmTC_8c15a ]
  ignore line: [Using built-in specs.]
  ignore line: [COLLECT_GCC=/usr/bin/cc]
  ignore line: [COLLECT_LTO_WRAPPER=/usr/lib/gcc/x86_64-pc-linux-gnu/7.3.1/lto-wrapper]
  ignore line: [Target: x86_64-pc-linux-gnu]
  ignore line: [Configured with: /build/gcc/src/gcc/configure --prefix=/usr --libdir=/usr/lib --libexecdir=/usr/lib --mandir=/usr/share/man --infodir=/usr/share/info --with-bugurl=https://bugs.archlinux.org/ --enable-languages=c,c++,ada,fortran,go,lto,objc,obj-c++ --enable-shared --enable-threads=posix --enable-libmpx --with-system-zlib --with-isl --enable-__cxa_atexit --disable-libunwind-exceptions --enable-clocale=gnu --disable-libstdcxx-pch --disable-libssp --enable-gnu-unique-object --enable-linker-build-id --enable-lto --enable-plugin --enable-install-libiberty --with-linker-hash-style=gnu --enable-gnu-indirect-function --enable-multilib --disable-werror --enable-checking=release --enable-default-pie --enable-default-ssp]
  ignore line: [Thread model: posix]
  ignore line: [gcc version 7.3.1 20180312 (GCC) ]
  ignore line: [COMPILER_PATH=/usr/lib/gcc/x86_64-pc-linux-gnu/7.3.1/:/usr/lib/gcc/x86_64-pc-linux-gnu/7.3.1/:/usr/lib/gcc/x86_64-pc-linux-gnu/:/usr/lib/gcc/x86_64-pc-linux-gnu/7.3.1/:/usr/lib/gcc/x86_64-pc-linux-gnu/]
  ignore line: [LIBRARY_PATH=/usr/lib/gcc/x86_64-pc-linux-gnu/7.3.1/:/usr/lib/gcc/x86_64-pc-linux-gnu/7.3.1/../../../../lib/:/lib/../lib/:/usr/lib/../lib/:/usr/lib/gcc/x86_64-pc-linux-gnu/7.3.1/../../../:/lib/:/usr/lib/]
  ignore line: [COLLECT_GCC_OPTIONS='-v' '-o' 'cmTC_8c15a' '-mtune=generic' '-march=x86-64']
  link line: [ /usr/lib/gcc/x86_64-pc-linux-gnu/7.3.1/collect2 -plugin /usr/lib/gcc/x86_64-pc-linux-gnu/7.3.1/liblto_plugin.so -plugin-opt=/usr/lib/gcc/x86_64-pc-linux-gnu/7.3.1/lto-wrapper -plugin-opt=-fresolution=/tmp/cc5yA5Ac.res -plugin-opt=-pass-through=-lgcc -plugin-opt=-pass-through=-lgcc_s -plugin-opt=-pass-through=-lc -plugin-opt=-pass-through=-lgcc -plugin-opt=-pass-through=-lgcc_s --build-id --eh-frame-hdr --hash-style=gnu -m elf_x86_64 -dynamic-linker /lib64/ld-linux-x86-64.so.2 -pie -o cmTC_8c15a /usr/lib/gcc/x86_64-pc-linux-gnu/7.3.1/../../../../lib/Scrt1.o /usr/lib/gcc/x86_64-pc-linux-gnu/7.3.1/../../../../lib/crti.o /usr/lib/gcc/x86_64-pc-linux-gnu/7.3.1/crtbeginS.o -L/usr/lib/gcc/x86_64-pc-linux-gnu/7.3.1 -L/usr/lib/gcc/x86_64-pc-linux-gnu/7.3.1/../../../../lib -L/lib/../lib -L/usr/lib/../lib -L/usr/lib/gcc/x86_64-pc-linux-gnu/7.3.1/../../.. CMakeFiles/cmTC_8c15a.dir/CMakeCCompilerABI.c.o -lgcc --as-needed -lgcc_s --no-as-needed -lc -lgcc --as-needed -lgcc_s --no-as-needed /usr/lib/gcc/x86_64-pc-linux-gnu/7.3.1/crtendS.o /usr/lib/gcc/x86_64-pc-linux-gnu/7.3.1/../../../../lib/crtn.o]
    arg [/usr/lib/gcc/x86_64-pc-linux-gnu/7.3.1/collect2] ==> ignore
    arg [-plugin] ==> ignore
    arg [/usr/lib/gcc/x86_64-pc-linux-gnu/7.3.1/liblto_plugin.so] ==> ignore
    arg [-plugin-opt=/usr/lib/gcc/x86_64-pc-linux-gnu/7.3.1/lto-wrapper] ==> ignore
    arg [-plugin-opt=-fresolution=/tmp/cc5yA5Ac.res] ==> ignore
    arg [-plugin-opt=-pass-through=-lgcc] ==> ignore
    arg [-plugin-opt=-pass-through=-lgcc_s] ==> ignore
    arg [-plugin-opt=-pass-through=-lc] ==> ignore
    arg [-plugin-opt=-pass-through=-lgcc] ==> ignore
    arg [-plugin-opt=-pass-through=-lgcc_s] ==> ignore
    arg [--build-id] ==> ignore
    arg [--eh-frame-hdr] ==> ignore
    arg [--hash-style=gnu] ==> ignore
    arg [-m] ==> ignore
    arg [elf_x86_64] ==> ignore
    arg [-dynamic-linker] ==> ignore
    arg [/lib64/ld-linux-x86-64.so.2] ==> ignore
    arg [-pie] ==> ignore
    arg [-o] ==> ignore
    arg [cmTC_8c15a] ==> ignore
    arg [/usr/lib/gcc/x86_64-pc-linux-gnu/7.3.1/../../../../lib/Scrt1.o] ==> ignore
    arg [/usr/lib/gcc/x86_64-pc-linux-gnu/7.3.1/../../../../lib/crti.o] ==> ignore
    arg [/usr/lib/gcc/x86_64-pc-linux-gnu/7.3.1/crtbeginS.o] ==> ignore
    arg [-L/usr/lib/gcc/x86_64-pc-linux-gnu/7.3.1] ==> dir [/usr/lib/gcc/x86_64-pc-linux-gnu/7.3.1]
    arg [-L/usr/lib/gcc/x86_64-pc-linux-gnu/7.3.1/../../../../lib] ==> dir [/usr/lib/gcc/x86_64-pc-linux-gnu/7.3.1/../../../../lib]
    arg [-L/lib/../lib] ==> dir [/lib/../lib]
    arg [-L/usr/lib/../lib] ==> dir [/usr/lib/../lib]
    arg [-L/usr/lib/gcc/x86_64-pc-linux-gnu/7.3.1/../../..] ==> dir [/usr/lib/gcc/x86_64-pc-linux-gnu/7.3.1/../../..]
    arg [CMakeFiles/cmTC_8c15a.dir/CMakeCCompilerABI.c.o] ==> ignore
    arg [-lgcc] ==> lib [gcc]
    arg [--as-needed] ==> ignore
    arg [-lgcc_s] ==> lib [gcc_s]
    arg [--no-as-needed] ==> ignore
    arg [-lc] ==> lib [c]
    arg [-lgcc] ==> lib [gcc]
    arg [--as-needed] ==> ignore
    arg [-lgcc_s] ==> lib [gcc_s]
    arg [--no-as-needed] ==> ignore
    arg [/usr/lib/gcc/x86_64-pc-linux-gnu/7.3.1/crtendS.o] ==> ignore
    arg [/usr/lib/gcc/x86_64-pc-linux-gnu/7.3.1/../../../../lib/crtn.o] ==> ignore
  collapse library dir [/usr/lib/gcc/x86_64-pc-linux-gnu/7.3.1] ==> [/usr/lib/gcc/x86_64-pc-linux-gnu/7.3.1]
  collapse library dir [/usr/lib/gcc/x86_64-pc-linux-gnu/7.3.1/../../../../lib] ==> [/usr/lib]
  collapse library dir [/lib/../lib] ==> [/lib]
  collapse library dir [/usr/lib/../lib] ==> [/usr/lib]
  collapse library dir [/usr/lib/gcc/x86_64-pc-linux-gnu/7.3.1/../../..] ==> [/usr/lib]
  implicit libs: [gcc;gcc_s;c;gcc;gcc_s]
  implicit dirs: [/usr/lib/gcc/x86_64-pc-linux-gnu/7.3.1;/usr/lib;/lib]
  implicit fwks: []




Detecting C [-std=c11] compiler features compiled with the following output:
Change Dir: /home/ragebone/Documents/VCS/colorchord/cmake-build-debug/CMakeFiles/CMakeTmp

Run Build Command:"/usr/bin/make" "cmTC_ba7c0/fast"
/usr/bin/make -f CMakeFiles/cmTC_ba7c0.dir/build.make CMakeFiles/cmTC_ba7c0.dir/build
make[1]: Entering directory '/home/ragebone/Documents/VCS/colorchord/cmake-build-debug/CMakeFiles/CMakeTmp'
Building C object CMakeFiles/cmTC_ba7c0.dir/feature_tests.c.o
/usr/bin/cc   -std=c11 -o CMakeFiles/cmTC_ba7c0.dir/feature_tests.c.o   -c /home/ragebone/Documents/VCS/colorchord/cmake-build-debug/CMakeFiles/feature_tests.c
Linking C executable cmTC_ba7c0
/home/ragebone/.local/share/JetBrains/Toolbox/apps/CLion/ch-1/181.4668.70/bin/cmake/bin/cmake -E cmake_link_script CMakeFiles/cmTC_ba7c0.dir/link.txt --verbose=1
/usr/bin/cc      CMakeFiles/cmTC_ba7c0.dir/feature_tests.c.o  -o cmTC_ba7c0 
make[1]: Leaving directory '/home/ragebone/Documents/VCS/colorchord/cmake-build-debug/CMakeFiles/CMakeTmp'


    Feature record: C_FEATURE:1c_function_prototypes
    Feature record: C_FEATURE:1c_restrict
    Feature record: C_FEATURE:1c_static_assert
    Feature record: C_FEATURE:1c_variadic_macros


Detecting C [-std=c99] compiler features compiled with the following output:
Change Dir: /home/ragebone/Documents/VCS/colorchord/cmake-build-debug/CMakeFiles/CMakeTmp

Run Build Command:"/usr/bin/make" "cmTC_d6d2b/fast"
/usr/bin/make -f CMakeFiles/cmTC_d6d2b.dir/build.make CMakeFiles/cmTC_d6d2b.dir/build
make[1]: Entering directory '/home/ragebone/Documents/VCS/colorchord/cmake-build-debug/CMakeFiles/CMakeTmp'
Building C object CMakeFiles/cmTC_d6d2b.dir/feature_tests.c.o
/usr/bin/cc   -std=c99 -o CMakeFiles/cmTC_d6d2b.dir/feature_tests.c.o   -c /home/ragebone/Documents/VCS/colorchord/cmake-build-debug/CMakeFiles/feature_tests.c
Linking C executable cmTC_d6d2b
/home/ragebone/.local/share/JetBrains/Toolbox/apps/CLion/ch-1/181.4668.70/bin/cmake/bin/cmake -E cmake_link_script CMakeFiles/cmTC_d6d2b.dir/link.txt --verbose=1
/usr/bin/cc      CMakeFiles/cmTC_d6d2b.dir/feature_tests.c.o  -o cmTC_d6d2b 
make[1]: Leaving directory '/home/ragebone/Documents/VCS/colorchord/cmake-build-debug/CMakeFiles/CMakeTmp'


    Feature record: C_FEATURE:1c_function_prototypes
    Feature record: C_FEATURE:1c_restrict
    Feature record: C_FEATURE:0c_static_assert
    Feature record: C_FEATURE:1c_variadic_macros


Detecting C [-std=c90] compiler features compiled with the following output:
Change Dir: /home/ragebone/Documents/VCS/colorchord/cmake-build-debug/CMakeFiles/CMakeTmp

Run Build Command:"/usr/bin/make" "cmTC_332f9/fast"
/usr/bin/make -f CMakeFiles/cmTC_332f9.dir/build.make CMakeFiles/cmTC_332f9.dir/build
make[1]: Entering directory '/home/ragebone/Documents/VCS/colorchord/cmake-build-debug/CMakeFiles/CMakeTmp'
Building C object CMakeFiles/cmTC_332f9.dir/feature_tests.c.o
/usr/bin/cc   -std=c90 -o CMakeFiles/cmTC_332f9.dir/feature_tests.c.o   -c /home/ragebone/Documents/VCS/colorchord/cmake-build-debug/CMakeFiles/feature_tests.c
Linking C executable cmTC_332f9
/home/ragebone/.local/share/JetBrains/Toolbox/apps/CLion/ch-1/181.4668.70/bin/cmake/bin/cmake -E cmake_link_script CMakeFiles/cmTC_332f9.dir/link.txt --verbose=1
/usr/bin/cc      CMakeFiles/cmTC_332f9.dir/feature_tests.c.o  -o cmTC_332f9 
make[1]: Leaving directory '/home/ragebone/Documents/VCS/colorchord/cmake-build-debug/CMakeFiles/CMakeTmp'


    Feature record: C_FEATURE:1c_function_prototypes
    Feature record: C_FEATURE:0c_restrict
    Feature record: C_FEATURE:0c_static_assert
    Feature record: C_FEATURE:0c_variadic_macros
The system is: Linux - 4.15.0-34-generic - x86_64
Compiling the C compiler identification source file "CMakeCCompilerId.c" succeeded.
Compiler: /usr/bin/cc 
Build flags: 
Id flags:  

The output was:
0


Compilation of the C compiler identification source "CMakeCCompilerId.c" produced "a.out"

The C compiler identification is GNU, found in "/home/chris/dev/colorchord/cmake-build-debug/CMakeFiles/3.12.2/CompilerIdC/a.out"

Determining if the C compiler works passed with the following output:
Change Dir: /home/chris/dev/colorchord/cmake-build-debug/CMakeFiles/CMakeTmp

Run Build Command:"/usr/bin/make" "cmTC_bb0f1/fast"
/usr/bin/make -f CMakeFiles/cmTC_bb0f1.dir/build.make CMakeFiles/cmTC_bb0f1.dir/build
make[1]: Verzeichnis „/home/chris/dev/colorchord/cmake-build-debug/CMakeFiles/CMakeTmp“ wird betreten
Building C object CMakeFiles/cmTC_bb0f1.dir/testCCompiler.c.o
/usr/bin/cc    -o CMakeFiles/cmTC_bb0f1.dir/testCCompiler.c.o   -c /home/chris/dev/colorchord/cmake-build-debug/CMakeFiles/CMakeTmp/testCCompiler.c
Linking C executable cmTC_bb0f1
/home/chris/Downloads/clion-2018.2.4/bin/cmake/linux/bin/cmake -E cmake_link_script CMakeFiles/cmTC_bb0f1.dir/link.txt --verbose=1
/usr/bin/cc      CMakeFiles/cmTC_bb0f1.dir/testCCompiler.c.o  -o cmTC_bb0f1 
make[1]: Verzeichnis „/home/chris/dev/colorchord/cmake-build-debug/CMakeFiles/CMakeTmp“ wird verlassen


Detecting C compiler ABI info compiled with the following output:
Change Dir: /home/chris/dev/colorchord/cmake-build-debug/CMakeFiles/CMakeTmp

Run Build Command:"/usr/bin/make" "cmTC_c9d6b/fast"
/usr/bin/make -f CMakeFiles/cmTC_c9d6b.dir/build.make CMakeFiles/cmTC_c9d6b.dir/build
make[1]: Verzeichnis „/home/chris/dev/colorchord/cmake-build-debug/CMakeFiles/CMakeTmp“ wird betreten
Building C object CMakeFiles/cmTC_c9d6b.dir/CMakeCCompilerABI.c.o
/usr/bin/cc    -o CMakeFiles/cmTC_c9d6b.dir/CMakeCCompilerABI.c.o   -c /home/chris/Downloads/clion-2018.2.4/bin/cmake/linux/share/cmake-3.12/Modules/CMakeCCompilerABI.c
Linking C executable cmTC_c9d6b
/home/chris/Downloads/clion-2018.2.4/bin/cmake/linux/bin/cmake -E cmake_link_script CMakeFiles/cmTC_c9d6b.dir/link.txt --verbose=1
/usr/bin/cc     -v CMakeFiles/cmTC_c9d6b.dir/CMakeCCompilerABI.c.o  -o cmTC_c9d6b 
Using built-in specs.
COLLECT_GCC=/usr/bin/cc
COLLECT_LTO_WRAPPER=/usr/lib/gcc/x86_64-linux-gnu/7/lto-wrapper
OFFLOAD_TARGET_NAMES=nvptx-none
OFFLOAD_TARGET_DEFAULT=1
Target: x86_64-linux-gnu
Configured with: ../src/configure -v --with-pkgversion='Ubuntu 7.3.0-27ubuntu1~18.04' --with-bugurl=file:///usr/share/doc/gcc-7/README.Bugs --enable-languages=c,ada,c++,go,brig,d,fortran,objc,obj-c++ --prefix=/usr --with-gcc-major-version-only --program-suffix=-7 --program-prefix=x86_64-linux-gnu- --enable-shared --enable-linker-build-id --libexecdir=/usr/lib --without-included-gettext --enable-threads=posix --libdir=/usr/lib --enable-nls --with-sysroot=/ --enable-clocale=gnu --enable-libstdcxx-debug --enable-libstdcxx-time=yes --with-default-libstdcxx-abi=new --enable-gnu-unique-object --disable-vtable-verify --enable-libmpx --enable-plugin --enable-default-pie --with-system-zlib --with-target-system-zlib --enable-objc-gc=auto --enable-multiarch --disable-werror --with-arch-32=i686 --with-abi=m64 --with-multilib-list=m32,m64,mx32 --enable-multilib --with-tune=generic --enable-offload-targets=nvptx-none --without-cuda-driver --enable-checking=release --build=x86_64-linux-gnu --host=x86_64-linux-gnu --target=x86_64-linux-gnu
Thread model: posix
gcc version 7.3.0 (Ubuntu 7.3.0-27ubuntu1~18.04) 
COMPILER_PATH=/usr/lib/gcc/x86_64-linux-gnu/7/:/usr/lib/gcc/x86_64-linux-gnu/7/:/usr/lib/gcc/x86_64-linux-gnu/:/usr/lib/gcc/x86_64-linux-gnu/7/:/usr/lib/gcc/x86_64-linux-gnu/
LIBRARY_PATH=/usr/lib/gcc/x86_64-linux-gnu/7/:/usr/lib/gcc/x86_64-linux-gnu/7/../../../x86_64-linux-gnu/:/usr/lib/gcc/x86_64-linux-gnu/7/../../../../lib/:/lib/x86_64-linux-gnu/:/lib/../lib/:/usr/lib/x86_64-linux-gnu/:/usr/lib/../lib/:/usr/lib/gcc/x86_64-linux-gnu/7/../../../:/lib/:/usr/lib/
COLLECT_GCC_OPTIONS='-v' '-o' 'cmTC_c9d6b' '-mtune=generic' '-march=x86-64'
 /usr/lib/gcc/x86_64-linux-gnu/7/collect2 -plugin /usr/lib/gcc/x86_64-linux-gnu/7/liblto_plugin.so -plugin-opt=/usr/lib/gcc/x86_64-linux-gnu/7/lto-wrapper -plugin-opt=-fresolution=/tmp/ccEtVDVH.res -plugin-opt=-pass-through=-lgcc -plugin-opt=-pass-through=-lgcc_s -plugin-opt=-pass-through=-lc -plugin-opt=-pass-through=-lgcc -plugin-opt=-pass-through=-lgcc_s --sysroot=/ --build-id --eh-frame-hdr -m elf_x86_64 --hash-style=gnu --as-needed -dynamic-linker /lib64/ld-linux-x86-64.so.2 -pie -z now -z relro -o cmTC_c9d6b /usr/lib/gcc/x86_64-linux-gnu/7/../../../x86_64-linux-gnu/Scrt1.o /usr/lib/gcc/x86_64-linux-gnu/7/../../../x86_64-linux-gnu/crti.o /usr/lib/gcc/x86_64-linux-gnu/7/crtbeginS.o -L/usr/lib/gcc/x86_64-linux-gnu/7 -L/usr/lib/gcc/x86_64-linux-gnu/7/../../../x86_64-linux-gnu -L/usr/lib/gcc/x86_64-linux-gnu/7/../../../../lib -L/lib/x86_64-linux-gnu -L/lib/../lib -L/usr/lib/x86_64-linux-gnu -L/usr/lib/../lib -L/usr/lib/gcc/x86_64-linux-gnu/7/../../.. CMakeFiles/cmTC_c9d6b.dir/CMakeCCompilerABI.c.o -lgcc --push-state --as-needed -lgcc_s --pop-state -lc -lgcc --push-state --as-needed -lgcc_s --pop-state /usr/lib/gcc/x86_64-linux-gnu/7/crtendS.o /usr/lib/gcc/x86_64-linux-gnu/7/../../../x86_64-linux-gnu/crtn.o
COLLECT_GCC_OPTIONS='-v' '-o' 'cmTC_c9d6b' '-mtune=generic' '-march=x86-64'
make[1]: Verzeichnis „/home/chris/dev/colorchord/cmake-build-debug/CMakeFiles/CMakeTmp“ wird verlassen


Parsed C implicit link information from above output:
  link line regex: [^( *|.*[/\])(ld|CMAKE_LINK_STARTFILE-NOTFOUND|([^/\]+-)?ld|collect2)[^/\]*( |$)]
  ignore line: [Change Dir: /home/chris/dev/colorchord/cmake-build-debug/CMakeFiles/CMakeTmp]
  ignore line: []
  ignore line: [Run Build Command:"/usr/bin/make" "cmTC_c9d6b/fast"]
  ignore line: [/usr/bin/make -f CMakeFiles/cmTC_c9d6b.dir/build.make CMakeFiles/cmTC_c9d6b.dir/build]
  ignore line: [make[1]: Verzeichnis „/home/chris/dev/colorchord/cmake-build-debug/CMakeFiles/CMakeTmp“ wird betreten]
  ignore line: [Building C object CMakeFiles/cmTC_c9d6b.dir/CMakeCCompilerABI.c.o]
  ignore line: [/usr/bin/cc    -o CMakeFiles/cmTC_c9d6b.dir/CMakeCCompilerABI.c.o   -c /home/chris/Downloads/clion-2018.2.4/bin/cmake/linux/share/cmake-3.12/Modules/CMakeCCompilerABI.c]
  ignore line: [Linking C executable cmTC_c9d6b]
  ignore line: [/home/chris/Downloads/clion-2018.2.4/bin/cmake/linux/bin/cmake -E cmake_link_script CMakeFiles/cmTC_c9d6b.dir/link.txt --verbose=1]
  ignore line: [/usr/bin/cc     -v CMakeFiles/cmTC_c9d6b.dir/CMakeCCompilerABI.c.o  -o cmTC_c9d6b ]
  ignore line: [Using built-in specs.]
  ignore line: [COLLECT_GCC=/usr/bin/cc]
  ignore line: [COLLECT_LTO_WRAPPER=/usr/lib/gcc/x86_64-linux-gnu/7/lto-wrapper]
  ignore line: [OFFLOAD_TARGET_NAMES=nvptx-none]
  ignore line: [OFFLOAD_TARGET_DEFAULT=1]
  ignore line: [Target: x86_64-linux-gnu]
  ignore line: [Configured with: ../src/configure -v --with-pkgversion='Ubuntu 7.3.0-27ubuntu1~18.04' --with-bugurl=file:///usr/share/doc/gcc-7/README.Bugs --enable-languages=c,ada,c++,go,brig,d,fortran,objc,obj-c++ --prefix=/usr --with-gcc-major-version-only --program-suffix=-7 --program-prefix=x86_64-linux-gnu- --enable-shared --enable-linker-build-id --libexecdir=/usr/lib --without-included-gettext --enable-threads=posix --libdir=/usr/lib --enable-nls --with-sysroot=/ --enable-clocale=gnu --enable-libstdcxx-debug --enable-libstdcxx-time=yes --with-default-libstdcxx-abi=new --enable-gnu-unique-object --disable-vtable-verify --enable-libmpx --enable-plugin --enable-default-pie --with-system-zlib --with-target-system-zlib --enable-objc-gc=auto --enable-multiarch --disable-werror --with-arch-32=i686 --with-abi=m64 --with-multilib-list=m32,m64,mx32 --enable-multilib --with-tune=generic --enable-offload-targets=nvptx-none --without-cuda-driver --enable-checking=release --build=x86_64-linux-gnu --host=x86_64-linux-gnu --target=x86_64-linux-gnu]
  ignore line: [Thread model: posix]
  ignore line: [gcc version 7.3.0 (Ubuntu 7.3.0-27ubuntu1~18.04) ]
  ignore line: [COMPILER_PATH=/usr/lib/gcc/x86_64-linux-gnu/7/:/usr/lib/gcc/x86_64-linux-gnu/7/:/usr/lib/gcc/x86_64-linux-gnu/:/usr/lib/gcc/x86_64-linux-gnu/7/:/usr/lib/gcc/x86_64-linux-gnu/]
  ignore line: [LIBRARY_PATH=/usr/lib/gcc/x86_64-linux-gnu/7/:/usr/lib/gcc/x86_64-linux-gnu/7/../../../x86_64-linux-gnu/:/usr/lib/gcc/x86_64-linux-gnu/7/../../../../lib/:/lib/x86_64-linux-gnu/:/lib/../lib/:/usr/lib/x86_64-linux-gnu/:/usr/lib/../lib/:/usr/lib/gcc/x86_64-linux-gnu/7/../../../:/lib/:/usr/lib/]
  ignore line: [COLLECT_GCC_OPTIONS='-v' '-o' 'cmTC_c9d6b' '-mtune=generic' '-march=x86-64']
  link line: [ /usr/lib/gcc/x86_64-linux-gnu/7/collect2 -plugin /usr/lib/gcc/x86_64-linux-gnu/7/liblto_plugin.so -plugin-opt=/usr/lib/gcc/x86_64-linux-gnu/7/lto-wrapper -plugin-opt=-fresolution=/tmp/ccEtVDVH.res -plugin-opt=-pass-through=-lgcc -plugin-opt=-pass-through=-lgcc_s -plugin-opt=-pass-through=-lc -plugin-opt=-pass-through=-lgcc -plugin-opt=-pass-through=-lgcc_s --sysroot=/ --build-id --eh-frame-hdr -m elf_x86_64 --hash-style=gnu --as-needed -dynamic-linker /lib64/ld-linux-x86-64.so.2 -pie -z now -z relro -o cmTC_c9d6b /usr/lib/gcc/x86_64-linux-gnu/7/../../../x86_64-linux-gnu/Scrt1.o /usr/lib/gcc/x86_64-linux-gnu/7/../../../x86_64-linux-gnu/crti.o /usr/lib/gcc/x86_64-linux-gnu/7/crtbeginS.o -L/usr/lib/gcc/x86_64-linux-gnu/7 -L/usr/lib/gcc/x86_64-linux-gnu/7/../../../x86_64-linux-gnu -L/usr/lib/gcc/x86_64-linux-gnu/7/../../../../lib -L/lib/x86_64-linux-gnu -L/lib/../lib -L/usr/lib/x86_64-linux-gnu -L/usr/lib/../lib -L/usr/lib/gcc/x86_64-linux-gnu/7/../../.. CMakeFiles/cmTC_c9d6b.dir/CMakeCCompilerABI.c.o -lgcc --push-state --as-needed -lgcc_s --pop-state -lc -lgcc --push-state --as-needed -lgcc_s --pop-state /usr/lib/gcc/x86_64-linux-gnu/7/crtendS.o /usr/lib/gcc/x86_64-linux-gnu/7/../../../x86_64-linux-gnu/crtn.o]
    arg [/usr/lib/gcc/x86_64-linux-gnu/7/collect2] ==> ignore
    arg [-plugin] ==> ignore
    arg [/usr/lib/gcc/x86_64-linux-gnu/7/liblto_plugin.so] ==> ignore
    arg [-plugin-opt=/usr/lib/gcc/x86_64-linux-gnu/7/lto-wrapper] ==> ignore
    arg [-plugin-opt=-fresolution=/tmp/ccEtVDVH.res] ==> ignore
    arg [-plugin-opt=-pass-through=-lgcc] ==> ignore
    arg [-plugin-opt=-pass-through=-lgcc_s] ==> ignore
    arg [-plugin-opt=-pass-through=-lc] ==> ignore
    arg [-plugin-opt=-pass-through=-lgcc] ==> ignore
    arg [-plugin-opt=-pass-through=-lgcc_s] ==> ignore
    arg [--sysroot=/] ==> ignore
    arg [--build-id] ==> ignore
    arg [--eh-frame-hdr] ==> ignore
    arg [-m] ==> ignore
    arg [elf_x86_64] ==> ignore
    arg [--hash-style=gnu] ==> ignore
    arg [--as-needed] ==> ignore
    arg [-dynamic-linker] ==> ignore
    arg [/lib64/ld-linux-x86-64.so.2] ==> ignore
    arg [-pie] ==> ignore
    arg [-znow] ==> ignore
    arg [-zrelro] ==> ignore
    arg [-o] ==> ignore
    arg [cmTC_c9d6b] ==> ignore
    arg [/usr/lib/gcc/x86_64-linux-gnu/7/../../../x86_64-linux-gnu/Scrt1.o] ==> ignore
    arg [/usr/lib/gcc/x86_64-linux-gnu/7/../../../x86_64-linux-gnu/crti.o] ==> ignore
    arg [/usr/lib/gcc/x86_64-linux-gnu/7/crtbeginS.o] ==> ignore
    arg [-L/usr/lib/gcc/x86_64-linux-gnu/7] ==> dir [/usr/lib/gcc/x86_64-linux-gnu/7]
    arg [-L/usr/lib/gcc/x86_64-linux-gnu/7/../../../x86_64-linux-gnu] ==> dir [/usr/lib/gcc/x86_64-linux-gnu/7/../../../x86_64-linux-gnu]
    arg [-L/usr/lib/gcc/x86_64-linux-gnu/7/../../../../lib] ==> dir [/usr/lib/gcc/x86_64-linux-gnu/7/../../../../lib]
    arg [-L/lib/x86_64-linux-gnu] ==> dir [/lib/x86_64-linux-gnu]
    arg [-L/lib/../lib] ==> dir [/lib/../lib]
    arg [-L/usr/lib/x86_64-linux-gnu] ==> dir [/usr/lib/x86_64-linux-gnu]
    arg [-L/usr/lib/../lib] ==> dir [/usr/lib/../lib]
    arg [-L/usr/lib/gcc/x86_64-linux-gnu/7/../../..] ==> dir [/usr/lib/gcc/x86_64-linux-gnu/7/../../..]
    arg [CMakeFiles/cmTC_c9d6b.dir/CMakeCCompilerABI.c.o] ==> ignore
    arg [-lgcc] ==> lib [gcc]
    arg [--push-state] ==> ignore
    arg [--as-needed] ==> ignore
    arg [-lgcc_s] ==> lib [gcc_s]
    arg [--pop-state] ==> ignore
    arg [-lc] ==> lib [c]
    arg [-lgcc] ==> lib [gcc]
    arg [--push-state] ==> ignore
    arg [--as-needed] ==> ignore
    arg [-lgcc_s] ==> lib [gcc_s]
    arg [--pop-state] ==> ignore
    arg [/usr/lib/gcc/x86_64-linux-gnu/7/crtendS.o] ==> ignore
    arg [/usr/lib/gcc/x86_64-linux-gnu/7/../../../x86_64-linux-gnu/crtn.o] ==> ignore
  collapse library dir [/usr/lib/gcc/x86_64-linux-gnu/7] ==> [/usr/lib/gcc/x86_64-linux-gnu/7]
  collapse library dir [/usr/lib/gcc/x86_64-linux-gnu/7/../../../x86_64-linux-gnu] ==> [/usr/lib/x86_64-linux-gnu]
  collapse library dir [/usr/lib/gcc/x86_64-linux-gnu/7/../../../../lib] ==> [/usr/lib]
  collapse library dir [/lib/x86_64-linux-gnu] ==> [/lib/x86_64-linux-gnu]
  collapse library dir [/lib/../lib] ==> [/lib]
  collapse library dir [/usr/lib/x86_64-linux-gnu] ==> [/usr/lib/x86_64-linux-gnu]
  collapse library dir [/usr/lib/../lib] ==> [/usr/lib]
  collapse library dir [/usr/lib/gcc/x86_64-linux-gnu/7/../../..] ==> [/usr/lib]
  implicit libs: [gcc;gcc_s;c;gcc;gcc_s]
  implicit dirs: [/usr/lib/gcc/x86_64-linux-gnu/7;/usr/lib/x86_64-linux-gnu;/usr/lib;/lib/x86_64-linux-gnu;/lib]
  implicit fwks: []




Detecting C [-std=c11] compiler features compiled with the following output:
Change Dir: /home/chris/dev/colorchord/cmake-build-debug/CMakeFiles/CMakeTmp

Run Build Command:"/usr/bin/make" "cmTC_22d07/fast"
/usr/bin/make -f CMakeFiles/cmTC_22d07.dir/build.make CMakeFiles/cmTC_22d07.dir/build
make[1]: Verzeichnis „/home/chris/dev/colorchord/cmake-build-debug/CMakeFiles/CMakeTmp“ wird betreten
Building C object CMakeFiles/cmTC_22d07.dir/feature_tests.c.o
/usr/bin/cc   -std=c11 -o CMakeFiles/cmTC_22d07.dir/feature_tests.c.o   -c /home/chris/dev/colorchord/cmake-build-debug/CMakeFiles/feature_tests.c
Linking C executable cmTC_22d07
/home/chris/Downloads/clion-2018.2.4/bin/cmake/linux/bin/cmake -E cmake_link_script CMakeFiles/cmTC_22d07.dir/link.txt --verbose=1
/usr/bin/cc      CMakeFiles/cmTC_22d07.dir/feature_tests.c.o  -o cmTC_22d07 
make[1]: Verzeichnis „/home/chris/dev/colorchord/cmake-build-debug/CMakeFiles/CMakeTmp“ wird verlassen


    Feature record: C_FEATURE:1c_function_prototypes
    Feature record: C_FEATURE:1c_restrict
    Feature record: C_FEATURE:1c_static_assert
    Feature record: C_FEATURE:1c_variadic_macros


Detecting C [-std=c99] compiler features compiled with the following output:
Change Dir: /home/chris/dev/colorchord/cmake-build-debug/CMakeFiles/CMakeTmp

Run Build Command:"/usr/bin/make" "cmTC_f6cb4/fast"
/usr/bin/make -f CMakeFiles/cmTC_f6cb4.dir/build.make CMakeFiles/cmTC_f6cb4.dir/build
make[1]: Verzeichnis „/home/chris/dev/colorchord/cmake-build-debug/CMakeFiles/CMakeTmp“ wird betreten
Building C object CMakeFiles/cmTC_f6cb4.dir/feature_tests.c.o
/usr/bin/cc   -std=c99 -o CMakeFiles/cmTC_f6cb4.dir/feature_tests.c.o   -c /home/chris/dev/colorchord/cmake-build-debug/CMakeFiles/feature_tests.c
Linking C executable cmTC_f6cb4
/home/chris/Downloads/clion-2018.2.4/bin/cmake/linux/bin/cmake -E cmake_link_script CMakeFiles/cmTC_f6cb4.dir/link.txt --verbose=1
/usr/bin/cc      CMakeFiles/cmTC_f6cb4.dir/feature_tests.c.o  -o cmTC_f6cb4 
make[1]: Verzeichnis „/home/chris/dev/colorchord/cmake-build-debug/CMakeFiles/CMakeTmp“ wird verlassen


    Feature record: C_FEATURE:1c_function_prototypes
    Feature record: C_FEATURE:1c_restrict
    Feature record: C_FEATURE:0c_static_assert
    Feature record: C_FEATURE:1c_variadic_macros


Detecting C [-std=c90] compiler features compiled with the following output:
Change Dir: /home/chris/dev/colorchord/cmake-build-debug/CMakeFiles/CMakeTmp

Run Build Command:"/usr/bin/make" "cmTC_9e545/fast"
/usr/bin/make -f CMakeFiles/cmTC_9e545.dir/build.make CMakeFiles/cmTC_9e545.dir/build
make[1]: Verzeichnis „/home/chris/dev/colorchord/cmake-build-debug/CMakeFiles/CMakeTmp“ wird betreten
Building C object CMakeFiles/cmTC_9e545.dir/feature_tests.c.o
/usr/bin/cc   -std=c90 -o CMakeFiles/cmTC_9e545.dir/feature_tests.c.o   -c /home/chris/dev/colorchord/cmake-build-debug/CMakeFiles/feature_tests.c
Linking C executable cmTC_9e545
/home/chris/Downloads/clion-2018.2.4/bin/cmake/linux/bin/cmake -E cmake_link_script CMakeFiles/cmTC_9e545.dir/link.txt --verbose=1
/usr/bin/cc      CMakeFiles/cmTC_9e545.dir/feature_tests.c.o  -o cmTC_9e545 
make[1]: Verzeichnis „/home/chris/dev/colorchord/cmake-build-debug/CMakeFiles/CMakeTmp“ wird verlassen


    Feature record: C_FEATURE:1c_function_prototypes
    Feature record: C_FEATURE:0c_restrict
    Feature record: C_FEATURE:0c_static_assert
    Feature record: C_FEATURE:0c_variadic_macros
